TN:
SF:src/compare.js
FN:3,(anonymous_0)
FN:6,(anonymous_1)
FNF:2
FNH:2
FNDA:2,(anonymous_0)
FNDA:10,(anonymous_1)
DA:3,1
DA:4,2
DA:6,2
DA:7,10
DA:8,4
DA:10,6
DA:11,2
DA:13,4
DA:14,2
DA:16,2
DA:19,2
LF:11
LH:11
BRDA:7,0,0,4
BRDA:7,0,1,6
BRDA:10,1,0,2
BRDA:10,1,1,4
BRDA:13,2,0,2
BRDA:13,2,1,2
BRF:6
BRH:6
end_of_record
TN:
SF:src/parser.js
FN:4,(anonymous_0)
FN:5,(anonymous_1)
FN:7,(anonymous_2)
FNF:3
FNH:3
FNDA:2,(anonymous_0)
FNDA:2,(anonymous_1)
FNDA:4,(anonymous_2)
DA:4,2
DA:5,2
DA:7,1
DA:8,4
DA:9,4
DA:11,4
DA:13,2
DA:16,2
DA:18,0
LF:9
LH:8
BRDA:11,0,0,2
BRDA:11,0,1,2
BRDA:11,0,2,2
BRDA:11,0,3,0
BRF:4
BRH:3
end_of_record
