TN:
SF:src/getdiff.js
FN:7,(anonymous_0)
FN:12,(anonymous_1)
FN:33,(anonymous_2)
FN:39,(anonymous_3)
FNF:4
FNH:4
FNDA:30,(anonymous_0)
FNDA:108,(anonymous_1)
FNDA:12,(anonymous_2)
FNDA:6,(anonymous_3)
DA:7,1
DA:8,30
DA:9,30
DA:10,30
DA:12,30
DA:13,108
DA:14,24
DA:16,84
DA:17,30
DA:19,54
DA:20,12
DA:22,42
DA:23,24
DA:27,18
DA:30,30
DA:33,1
DA:34,12
DA:35,12
DA:36,12
DA:39,6
LF:20
LH:20
BRDA:13,0,0,24
BRDA:13,0,1,84
BRDA:13,1,0,108
BRDA:13,1,1,36
BRDA:16,2,0,30
BRDA:16,2,1,54
BRDA:19,3,0,12
BRDA:19,3,1,42
BRDA:22,4,0,24
BRDA:22,4,1,18
BRDA:39,5,0,2
BRF:11
BRH:11
end_of_record
TN:
SF:src/parser.js
FN:3,(anonymous_0)
FNF:1
FNH:1
FNDA:12,(anonymous_0)
DA:3,1
DA:4,12
DA:6,6
DA:7,6
LF:4
LH:4
BRDA:4,0,0,6
BRDA:4,0,1,6
BRDA:4,0,2,6
BRF:3
BRH:3
end_of_record
TN:
SF:src/formatters/index.js
FN:4,(anonymous_0)
FNF:1
FNH:1
FNDA:6,(anonymous_0)
DA:4,1
DA:5,6
DA:6,2
DA:7,2
DA:8,2
DA:9,0
LF:6
LH:5
BRDA:5,0,0,2
BRDA:5,0,1,2
BRDA:5,0,2,2
BRDA:5,0,3,0
BRF:4
BRH:3
end_of_record
TN:
SF:src/formatters/plain.js
FN:1,(anonymous_0)
FN:6,(anonymous_1)
FN:7,(anonymous_2)
FN:9,(anonymous_3)
FN:20,(anonymous_4)
FNF:5
FNH:5
FNDA:26,(anonymous_0)
FNDA:2,(anonymous_1)
FNDA:10,(anonymous_2)
FNDA:36,(anonymous_3)
FNDA:36,(anonymous_4)
DA:1,1
DA:2,26
DA:3,20
DA:6,1
DA:7,2
DA:8,10
DA:9,10
DA:10,36
DA:11,10
DA:12,4
DA:13,8
DA:14,8
DA:15,8
DA:16,6
DA:17,0
DA:20,36
DA:22,2
LF:17
LH:16
BRDA:2,0,0,6
BRDA:2,0,1,20
BRDA:3,1,0,14
BRDA:3,1,1,6
BRDA:7,2,0,2
BRDA:8,3,0,2
BRDA:8,3,1,8
BRDA:10,4,0,10
BRDA:10,4,1,4
BRDA:10,4,2,8
BRDA:10,4,3,8
BRDA:10,4,4,6
BRDA:10,4,5,0
BRF:13
BRH:12
end_of_record
TN:
SF:src/formatters/stylish.js
FN:1,(anonymous_0)
FN:3,(anonymous_1)
FN:6,(anonymous_2)
FN:10,(anonymous_3)
FN:11,(anonymous_4)
FN:12,(anonymous_5)
FNF:6
FNH:6
FNDA:84,(anonymous_0)
FNDA:54,(anonymous_1)
FNDA:18,(anonymous_2)
FNDA:2,(anonymous_3)
FNDA:10,(anonymous_4)
FNDA:36,(anonymous_5)
DA:1,84
DA:3,1
DA:4,54
DA:5,14
DA:6,18
DA:7,14
DA:10,1
DA:11,2
DA:12,10
DA:13,36
DA:14,36
DA:15,10
DA:16,4
DA:17,8
DA:18,8
DA:19,6
DA:20,0
DA:23,10
DA:25,2
LF:19
LH:18
BRDA:1,0,0,84
BRDA:1,1,0,84
BRDA:4,2,0,40
BRDA:4,2,1,14
BRDA:14,3,0,10
BRDA:14,3,1,4
BRDA:14,3,2,8
BRDA:14,3,3,8
BRDA:14,3,4,6
BRDA:14,3,5,0
BRF:10
BRH:9
end_of_record
